{
  "RSpec": {
    "coverage": {
      "/home/energetic-loop-1163/tic-tac-toe-rb-online-web-sp-000/lib/tic_tac_toe.rb": [
        null,
        1,
        null,
        null,
        null,
        null,
        null,
        null,
        null,
        null,
        null,
        1,
        14,
        14,
        14,
        14,
        14,
        null,
        null,
        1,
        15,
        null,
        null,
        1,
        14,
        null,
        null,
        1,
        17,
        14,
        3,
        3,
        null,
        null,
        null,
        1,
        15,
        null,
        null,
        1,
        12,
        12,
        12,
        12,
        1,
        null,
        11,
        null,
        12,
        null,
        null,
        1,
        13,
        13,
        117,
        10,
        null,
        null,
        13,
        null,
        null,
        1,
        12,
        9,
        null,
        3,
        null,
        null,
        null,
        1,
        49,
        321,
        321,
        321,
        null,
        321,
        321,
        321,
        null,
        321,
        11,
        310,
        4,
        null,
        null,
        34,
        null,
        null,
        1,
        117,
        null,
        null,
        null,
        1,
        13,
        4,
        null,
        9,
        null,
        null,
        null,
        null,
        1,
        12,
        8,
        null,
        4,
        null,
        null,
        null,
        null,
        1,
        16,
        16,
        16,
        null,
        null,
        8,
        5,
        null,
        3,
        null,
        null,
        null,
        null,
        1,
        11,
        9,
        9,
        null,
        11,
        4,
        7,
        3,
        null,
        null,
        null,
        null
      ]
    },
    "timestamp": 1594731089
  }
}
