{
  "RSpec": {
    "coverage": {
      "/home/energetic-loop-1163/tic-tac-toe-rb-online-web-sp-000/lib/tic_tac_toe.rb": [
        null,
        1,
        null,
        null,
        null,
        null,
        null,
        null,
        null,
        null,
        null,
        1,
        23,
        23,
        23,
        23,
        23,
        null,
        null,
        1,
        21,
        null,
        null,
        1,
        20,
        null,
        null,
        1,
        23,
        20,
        3,
        3,
        null,
        null,
        null,
        1,
        21,
        null,
        null,
        1,
        18,
        18,
        18,
        18,
        1,
        null,
        17,
        null,
        18,
        null,
        null,
        1,
        19,
        19,
        171,
        30,
        null,
        null,
        19,
        null,
        null,
        1,
        18,
        13,
        null,
        5,
        null,
        null,
        null,
        1,
        64,
        467,
        467,
        467,
        null,
        467,
        467,
        467,
        null,
        467,
        8,
        459,
        2,
        null,
        null,
        54,
        null,
        null,
        1,
        201,
        null,
        null,
        null,
        1,
        28,
        2,
        null,
        26,
        null,
        null,
        null,
        null,
        1,
        19,
        9,
        null,
        10,
        null,
        null,
        null,
        null,
        1,
        3,
        3,
        3,
        null,
        null,
        2,
        1,
        null,
        1,
        null,
        null,
        null,
        null,
        1,
        12,
        15,
        null,
        null
      ]
    },
    "timestamp": 1594730540
  }
}
